  Main.cpp
D:\Project_Tank_Battle\Project_Tank_Battle\level.h(60,15): warning C4244: return: преобразование "double" в "float", возможна потеря данных
D:\Project_Tank_Battle\Project_Tank_Battle\level.h(144,18): warning C4244: инициализация: преобразование "double" в "float", возможна потеря данных
D:\Project_Tank_Battle\Project_Tank_Battle\level.h(145,24): warning C4244: =: преобразование "float" в "int", возможна потеря данных
D:\Project_Tank_Battle\Project_Tank_Battle\level.h(185,41): warning C4244: аргумент: преобразование "int" в "float", возможна потеря данных
D:\Project_Tank_Battle\Project_Tank_Battle\level.h(185,26): warning C4244: аргумент: преобразование "int" в "float", возможна потеря данных
D:\Project_Tank_Battle\Project_Tank_Battle\level.h(242,27): warning C4244: аргумент: преобразование "int" в "float", возможна потеря данных
D:\Project_Tank_Battle\Project_Tank_Battle\level.h(242,24): warning C4244: аргумент: преобразование "int" в "float", возможна потеря данных
D:\Project_Tank_Battle\Project_Tank_Battle\level.h(263,22): warning C4244: =: преобразование "int" в "T", возможна потеря данных
          with
          [
              T=float
          ]
D:\Project_Tank_Battle\Project_Tank_Battle\level.h(264,23): warning C4244: =: преобразование "int" в "T", возможна потеря данных
          with
          [
              T=float
          ]
D:\Project_Tank_Battle\Project_Tank_Battle\level.h(265,25): warning C4244: =: преобразование "int" в "T", возможна потеря данных
          with
          [
              T=float
          ]
D:\Project_Tank_Battle\Project_Tank_Battle\level.h(266,24): warning C4244: =: преобразование "int" в "T", возможна потеря данных
          with
          [
              T=float
          ]
D:\Project_Tank_Battle\Project_Tank_Battle\Main.cpp(31,29): warning C4244: аргумент: преобразование "int" в "float", возможна потеря данных
D:\Project_Tank_Battle\Project_Tank_Battle\Main.cpp(31,22): warning C4244: аргумент: преобразование "int" в "float", возможна потеря данных
D:\Project_Tank_Battle\Project_Tank_Battle\Main.cpp(35,29): warning C4244: аргумент: преобразование "int" в "T", возможна потеря данных
          with
          [
              T=float
          ]
D:\Project_Tank_Battle\Project_Tank_Battle\Main.cpp(35,26): warning C4244: аргумент: преобразование "int" в "T", возможна потеря данных
          with
          [
              T=float
          ]
D:\Project_Tank_Battle\Project_Tank_Battle\Main.cpp(52,1): warning C4305: аргумент: усечение из "double" в "float"
D:\Project_Tank_Battle\Project_Tank_Battle\Main.cpp(123,1): warning C4305: =: усечение из "double" в "float"
D:\Project_Tank_Battle\Project_Tank_Battle\Main.cpp(128,1): warning C4305: =: усечение из "double" в "float"
D:\Project_Tank_Battle\Project_Tank_Battle\Main.cpp(133,1): warning C4305: =: усечение из "double" в "float"
D:\Project_Tank_Battle\Project_Tank_Battle\Main.cpp(138,1): warning C4305: =: усечение из "double" в "float"
D:\Project_Tank_Battle\Project_Tank_Battle\Main.cpp(161,1): warning C4305: =: усечение из "double" в "float"
D:\Project_Tank_Battle\Project_Tank_Battle\Main.cpp(162,1): warning C4305: =: усечение из "double" в "float"
D:\Project_Tank_Battle\Project_Tank_Battle\Main.cpp(173,1): warning C4305: =: усечение из "double" в "float"
D:\Project_Tank_Battle\Project_Tank_Battle\Main.cpp(174,1): warning C4305: =: усечение из "double" в "float"
D:\Project_Tank_Battle\Project_Tank_Battle\Main.cpp(175,1): warning C4305: =: усечение из "double" в "float"
D:\Project_Tank_Battle\Project_Tank_Battle\Main.cpp(176,1): warning C4305: =: усечение из "double" в "float"
D:\Project_Tank_Battle\Project_Tank_Battle\Main.cpp(225,1): warning C4305: =: усечение из "double" в "float"
D:\Project_Tank_Battle\Project_Tank_Battle\Main.cpp(230,1): warning C4305: =: усечение из "double" в "float"
D:\Project_Tank_Battle\Project_Tank_Battle\Main.cpp(236,1): warning C4305: =: усечение из "double" в "float"
D:\Project_Tank_Battle\Project_Tank_Battle\Main.cpp(241,1): warning C4305: =: усечение из "double" в "float"
D:\Project_Tank_Battle\Project_Tank_Battle\Main.cpp(269,1): warning C4305: =: усечение из "double" в "float"
D:\Project_Tank_Battle\Project_Tank_Battle\Main.cpp(376,14): warning C4244: инициализация: преобразование "sf::Int64" в "float", возможна потеря данных
D:\Project_Tank_Battle\Project_Tank_Battle\level.h(312): warning C4715: Level::GetObject: значение возвращается не при всех путях выполнения
  Project_Tank_Battle.vcxproj -> D:\Project_Tank_Battle\x64\Debug\Project_Tank_Battle.exe
