  Main.cpp
C:\Users\Dunkan\source\repos\Project_Tank_Battle\Project_Tank_Battle\level.h(60,15): warning C4244: return: преобразование "double" в "float", возможна потеря данных
C:\Users\Dunkan\source\repos\Project_Tank_Battle\Project_Tank_Battle\level.h(144,18): warning C4244: инициализация: преобразование "double" в "float", возможна потеря данных
C:\Users\Dunkan\source\repos\Project_Tank_Battle\Project_Tank_Battle\level.h(145,24): warning C4244: =: преобразование "float" в "int", возможна потеря данных
C:\Users\Dunkan\source\repos\Project_Tank_Battle\Project_Tank_Battle\level.h(185,41): warning C4244: аргумент: преобразование "int" в "float", возможна потеря данных
C:\Users\Dunkan\source\repos\Project_Tank_Battle\Project_Tank_Battle\level.h(185,26): warning C4244: аргумент: преобразование "int" в "float", возможна потеря данных
C:\Users\Dunkan\source\repos\Project_Tank_Battle\Project_Tank_Battle\level.h(242,27): warning C4244: аргумент: преобразование "int" в "float", возможна потеря данных
C:\Users\Dunkan\source\repos\Project_Tank_Battle\Project_Tank_Battle\level.h(242,24): warning C4244: аргумент: преобразование "int" в "float", возможна потеря данных
C:\Users\Dunkan\source\repos\Project_Tank_Battle\Project_Tank_Battle\level.h(263,22): warning C4244: =: преобразование "int" в "T", возможна потеря данных
          with
          [
              T=float
          ]
C:\Users\Dunkan\source\repos\Project_Tank_Battle\Project_Tank_Battle\level.h(264,23): warning C4244: =: преобразование "int" в "T", возможна потеря данных
          with
          [
              T=float
          ]
C:\Users\Dunkan\source\repos\Project_Tank_Battle\Project_Tank_Battle\level.h(265,25): warning C4244: =: преобразование "int" в "T", возможна потеря данных
          with
          [
              T=float
          ]
C:\Users\Dunkan\source\repos\Project_Tank_Battle\Project_Tank_Battle\level.h(266,24): warning C4244: =: преобразование "int" в "T", возможна потеря данных
          with
          [
              T=float
          ]
C:\Users\Dunkan\source\repos\Project_Tank_Battle\Project_Tank_Battle\Main.cpp(34,29): warning C4244: аргумент: преобразование "int" в "float", возможна потеря данных
C:\Users\Dunkan\source\repos\Project_Tank_Battle\Project_Tank_Battle\Main.cpp(34,22): warning C4244: аргумент: преобразование "int" в "float", возможна потеря данных
C:\Users\Dunkan\source\repos\Project_Tank_Battle\Project_Tank_Battle\Main.cpp(40,29): warning C4244: аргумент: преобразование "int" в "T", возможна потеря данных
          with
          [
              T=float
          ]
C:\Users\Dunkan\source\repos\Project_Tank_Battle\Project_Tank_Battle\Main.cpp(40,26): warning C4244: аргумент: преобразование "int" в "T", возможна потеря данных
          with
          [
              T=float
          ]
C:\Users\Dunkan\source\repos\Project_Tank_Battle\Project_Tank_Battle\Main.cpp(60,30): warning C4244: аргумент: преобразование "int" в "float", возможна потеря данных
C:\Users\Dunkan\source\repos\Project_Tank_Battle\Project_Tank_Battle\Main.cpp(60,23): warning C4244: аргумент: преобразование "int" в "float", возможна потеря данных
C:\Users\Dunkan\source\repos\Project_Tank_Battle\Project_Tank_Battle\Main.cpp(132,1): warning C4305: =: усечение из "double" в "float"
C:\Users\Dunkan\source\repos\Project_Tank_Battle\Project_Tank_Battle\Main.cpp(137,1): warning C4305: =: усечение из "double" в "float"
C:\Users\Dunkan\source\repos\Project_Tank_Battle\Project_Tank_Battle\Main.cpp(142,1): warning C4305: =: усечение из "double" в "float"
C:\Users\Dunkan\source\repos\Project_Tank_Battle\Project_Tank_Battle\Main.cpp(147,1): warning C4305: =: усечение из "double" в "float"
C:\Users\Dunkan\source\repos\Project_Tank_Battle\Project_Tank_Battle\Main.cpp(201,30): warning C4244: =: преобразование "int" в "float", возможна потеря данных
C:\Users\Dunkan\source\repos\Project_Tank_Battle\Project_Tank_Battle\Main.cpp(225,1): warning C4305: =: усечение из "double" в "float"
C:\Users\Dunkan\source\repos\Project_Tank_Battle\Project_Tank_Battle\Main.cpp(230,1): warning C4305: =: усечение из "double" в "float"
C:\Users\Dunkan\source\repos\Project_Tank_Battle\Project_Tank_Battle\Main.cpp(236,1): warning C4305: =: усечение из "double" в "float"
C:\Users\Dunkan\source\repos\Project_Tank_Battle\Project_Tank_Battle\Main.cpp(241,1): warning C4305: =: усечение из "double" в "float"
C:\Users\Dunkan\source\repos\Project_Tank_Battle\Project_Tank_Battle\Main.cpp(270,1): warning C4305: =: усечение из "double" в "float"
C:\Users\Dunkan\source\repos\Project_Tank_Battle\Project_Tank_Battle\Main.cpp(401,14): warning C4244: инициализация: преобразование "sf::Int64" в "float", возможна потеря данных
C:\Users\Dunkan\source\repos\Project_Tank_Battle\Project_Tank_Battle\Main.cpp(618,14): warning C4244: инициализация: преобразование "sf::Int64" в "float", возможна потеря данных
  tinystr.cpp
  tinyxml.cpp
  tinyxmlerror.cpp
  tinyxmlparser.cpp
  Создание кода...
C:\Users\Dunkan\source\repos\Project_Tank_Battle\Project_Tank_Battle\level.h(312): warning C4715: Level::GetObject: значение возвращается не при всех путях выполнения
  Project_Tank_Battle.vcxproj -> C:\Users\Dunkan\source\repos\Project_Tank_Battle\x64\Debug\Project_Tank_Battle.exe
